# JRE version: OpenJDK Runtime Environment (8.0_152) (build 1.8.0_152-release-1343-b16-5323222)
# Java VM: OpenJDK 64-Bit Server VM (25.152-b16-5323222 mixed mode linux-amd64 compressed oops)
Heap:
 PSYoungGen      total 430080K, used 144564K [0x00000000e0000000, 0x00000000fc700000, 0x0000000100000000)
  eden space 407552K, 29% used [0x00000000e0000000,0x00000000e772d808,0x00000000f8e00000)
  from space 22528K, 99% used [0x00000000fb100000,0x00000000fc6ff838,0x00000000fc700000)
  to   space 27136K, 0% used [0x00000000f9200000,0x00000000f9200000,0x00000000fac80000)
 ParOldGen       total 221184K, used 31276K [0x00000000a0000000, 0x00000000ad800000, 0x00000000e0000000)
  object space 221184K, 14% used [0x00000000a0000000,0x00000000a1e8b3a0,0x00000000ad800000)
 Metaspace       used 71218K, capacity 74246K, committed 74456K, reserved 1114112K
  class space    used 9573K, capacity 10160K, committed 10240K, reserved 1048576K
GC Heap History (10 events):
Event: 6,290 GC heap before
{Heap before GC invocations=7 (full 2):
 PSYoungGen      total 264192K, used 10214K [0x00000000e0000000, 0x00000000f2700000, 0x0000000100000000)
  eden space 253952K, 0% used [0x00000000e0000000,0x00000000e0000000,0x00000000ef800000)
  from space 10240K, 99% used [0x00000000ef800000,0x00000000f01f9be8,0x00000000f0200000)
  to   space 13824K, 0% used [0x00000000f1980000,0x00000000f1980000,0x00000000f2700000)
 ParOldGen       total 108544K, used 12805K [0x00000000a0000000, 0x00000000a6a00000, 0x00000000e0000000)
  object space 108544K, 11% used [0x00000000a0000000,0x00000000a0c81658,0x00000000a6a00000)
 Metaspace       used 34389K, capacity 35028K, committed 35416K, reserved 1079296K
  class space    used 4773K, capacity 4977K, committed 4992K, reserved 1048576K
Event: 6,410 GC heap after
Heap after GC invocations=7 (full 2):
 PSYoungGen      total 264192K, used 0K [0x00000000e0000000, 0x00000000f2700000, 0x0000000100000000)
  eden space 253952K, 0% used [0x00000000e0000000,0x00000000e0000000,0x00000000ef800000)
  from space 10240K, 0% used [0x00000000ef800000,0x00000000ef800000,0x00000000f0200000)
  to   space 13824K, 0% used [0x00000000f1980000,0x00000000f1980000,0x00000000f2700000)
 ParOldGen       total 167936K, used 17974K [0x00000000a0000000, 0x00000000aa400000, 0x00000000e0000000)
  object space 167936K, 10% used [0x00000000a0000000,0x00000000a118dbc8,0x00000000aa400000)
 Metaspace       used 34382K, capacity 35004K, committed 35416K, reserved 1079296K
  class space    used 4771K, capacity 4973K, committed 4992K, reserved 1048576K
}
Event: 10,375 GC heap before
{Heap before GC invocations=8 (full 2):
 PSYoungGen      total 264192K, used 253952K [0x00000000e0000000, 0x00000000f2700000, 0x0000000100000000)
  eden space 253952K, 100% used [0x00000000e0000000,0x00000000ef800000,0x00000000ef800000)
  from space 10240K, 0% used [0x00000000ef800000,0x00000000ef800000,0x00000000f0200000)
  to   space 13824K, 0% used [0x00000000f1980000,0x00000000f1980000,0x00000000f2700000)
 ParOldGen       total 167936K, used 17974K [0x00000000a0000000, 0x00000000aa400000, 0x00000000e0000000)
  object space 167936K, 10% used [0x00000000a0000000,0x00000000a118dbc8,0x00000000aa400000)
 Metaspace       used 57147K, capacity 58596K, committed 58840K, reserved 1099776K
  class space    used 7765K, capacity 8095K, committed 8192K, reserved 1048576K
Event: 10,418 GC heap after
Heap after GC invocations=8 (full 2):
 PSYoungGen      total 278528K, used 13793K [0x00000000e0000000, 0x00000000f9080000, 0x0000000100000000)
  eden space 264704K, 0% used [0x00000000e0000000,0x00000000e0000000,0x00000000f0280000)
  from space 13824K, 99% used [0x00000000f1980000,0x00000000f26f8570,0x00000000f2700000)
  to   space 23552K, 0% used [0x00000000f0280000,0x00000000f0280000,0x00000000f1980000)
 ParOldGen       total 167936K, used 32590K [0x00000000a0000000, 0x00000000aa400000, 0x00000000e0000000)
  object space 167936K, 19% used [0x00000000a0000000,0x00000000a1fd3a30,0x00000000aa400000)
 Metaspace       used 57147K, capacity 58596K, committed 58840K, reserved 1099776K
  class space    used 7765K, capacity 8095K, committed 8192K, reserved 1048576K
}
Event: 10,531 GC heap before
{Heap before GC invocations=9 (full 2):
 PSYoungGen      total 278528K, used 24030K [0x00000000e0000000, 0x00000000f9080000, 0x0000000100000000)
  eden space 264704K, 3% used [0x00000000e0000000,0x00000000e09ff420,0x00000000f0280000)
  from space 13824K, 99% used [0x00000000f1980000,0x00000000f26f8570,0x00000000f2700000)
  to   space 23552K, 0% used [0x00000000f0280000,0x00000000f0280000,0x00000000f1980000)
 ParOldGen       total 167936K, used 32590K [0x00000000a0000000, 0x00000000aa400000, 0x00000000e0000000)
  object space 167936K, 19% used [0x00000000a0000000,0x00000000a1fd3a30,0x00000000aa400000)
 Metaspace       used 57547K, capacity 59006K, committed 59028K, reserved 1099776K
  class space    used 7824K, capacity 8180K, committed 8192K, reserved 1048576K
Event: 10,549 GC heap after
Heap after GC invocations=9 (full 2):
 PSYoungGen      total 288256K, used 13463K [0x00000000e0000000, 0x00000000fc700000, 0x0000000100000000)
  eden space 264704K, 0% used [0x00000000e0000000,0x00000000e0000000,0x00000000f0280000)
  from space 23552K, 57% used [0x00000000f0280000,0x00000000f0fa5e88,0x00000000f1980000)
  to   space 22528K, 0% used [0x00000000fb100000,0x00000000fb100000,0x00000000fc700000)
 ParOldGen       total 167936K, used 32598K [0x00000000a0000000, 0x00000000aa400000, 0x00000000e0000000)
  object space 167936K, 19% used [0x00000000a0000000,0x00000000a1fd5a30,0x00000000aa400000)
 Metaspace       used 57547K, capacity 59006K, committed 59028K, reserved 1099776K
  class space    used 7824K, capacity 8180K, committed 8192K, reserved 1048576K
}
Event: 10,549 GC heap before
{Heap before GC invocations=10 (full 3):
 PSYoungGen      total 288256K, used 13463K [0x00000000e0000000, 0x00000000fc700000, 0x0000000100000000)
  eden space 264704K, 0% used [0x00000000e0000000,0x00000000e0000000,0x00000000f0280000)
  from space 23552K, 57% used [0x00000000f0280000,0x00000000f0fa5e88,0x00000000f1980000)
  to   space 22528K, 0% used [0x00000000fb100000,0x00000000fb100000,0x00000000fc700000)
 ParOldGen       total 167936K, used 32598K [0x00000000a0000000, 0x00000000aa400000, 0x00000000e0000000)
  object space 167936K, 19% used [0x00000000a0000000,0x00000000a1fd5a30,0x00000000aa400000)
 Metaspace       used 57547K, capacity 59006K, committed 59028K, reserved 1099776K
  class space    used 7824K, capacity 8180K, committed 8192K, reserved 1048576K
Event: 10,699 GC heap after
Heap after GC invocations=10 (full 3):
 PSYoungGen      total 288256K, used 0K [0x00000000e0000000, 0x00000000fc700000, 0x0000000100000000)
  eden space 264704K, 0% used [0x00000000e0000000,0x00000000e0000000,0x00000000f0280000)
  from space 23552K, 0% used [0x00000000f0280000,0x00000000f0280000,0x00000000f1980000)
  to   space 22528K, 0% used [0x00000000fb100000,0x00000000fb100000,0x00000000fc700000)
 ParOldGen       total 221184K, used 27438K [0x00000000a0000000, 0x00000000ad800000, 0x00000000e0000000)
  object space 221184K, 12% used [0x00000000a0000000,0x00000000a1acb8a8,0x00000000ad800000)
 Metaspace       used 57547K, capacity 59006K, committed 59028K, reserved 1099776K
  class space    used 7824K, capacity 8180K, committed 8192K, reserved 1048576K
}
Event: 13,477 GC heap before
{Heap before GC invocations=11 (full 3):
 PSYoungGen      total 288256K, used 264704K [0x00000000e0000000, 0x00000000fc700000, 0x0000000100000000)
  eden space 264704K, 100% used [0x00000000e0000000,0x00000000f0280000,0x00000000f0280000)
  from space 23552K, 0% used [0x00000000f0280000,0x00000000f0280000,0x00000000f1980000)
  to   space 22528K, 0% used [0x00000000fb100000,0x00000000fb100000,0x00000000fc700000)
 ParOldGen       total 221184K, used 27438K [0x00000000a0000000, 0x00000000ad800000, 0x00000000e0000000)
  object space 221184K, 12% used [0x00000000a0000000,0x00000000a1acb8a8,0x00000000ad800000)
 Metaspace       used 69366K, capacity 71834K, committed 72152K, reserved 1112064K
  class space    used 9375K, capacity 9884K, committed 9984K, reserved 1048576K
Event: 13,503 GC heap after
Heap after GC invocations=11 (full 3):
 PSYoungGen      total 430080K, used 22526K [0x00000000e0000000, 0x00000000fc700000, 0x0000000100000000)
  eden space 407552K, 0% used [0x00000000e0000000,0x00000000e0000000,0x00000000f8e00000)
  from space 22528K, 99% used [0x00000000fb100000,0x00000000fc6ff838,0x00000000fc700000)
  to   space 27136K, 0% used [0x00000000f9200000,0x00000000f9200000,0x00000000fac80000)
 ParOldGen       total 221184K, used 31276K [0x00000000a0000000, 0x00000000ad800000, 0x00000000e0000000)
  object space 221184K, 14% used [0x00000000a0000000,0x00000000a1e8b3a0,0x00000000ad800000)
 Metaspace       used 69366K, capacity 71834K, committed 72152K, reserved 1112064K
  class space    used 9375K, capacity 9884K, committed 9984K, reserved 1048576K
}

