# JRE version: OpenJDK Runtime Environment (8.0_152) (build 1.8.0_152-release-1343-b16-5323222)
# Java VM: OpenJDK 64-Bit Server VM (25.152-b16-5323222 mixed mode linux-amd64 compressed oops)
Heap:
 PSYoungGen      total 290816K, used 36881K [0x00000000e0000000, 0x00000000f5c00000, 0x0000000100000000)
  eden space 241664K, 0% used [0x00000000e0000000,0x00000000e0000000,0x00000000eec00000)
  from space 49152K, 75% used [0x00000000f1e00000,0x00000000f4204688,0x00000000f4e00000)
  to   space 51200K, 0% used [0x00000000eec00000,0x00000000eec00000,0x00000000f1e00000)
 ParOldGen       total 282624K, used 81441K [0x00000000a0000000, 0x00000000b1400000, 0x00000000e0000000)
  object space 282624K, 28% used [0x00000000a0000000,0x00000000a4f88660,0x00000000b1400000)
 Metaspace       used 93375K, capacity 98492K, committed 98560K, reserved 1134592K
  class space    used 11943K, capacity 12868K, committed 12928K, reserved 1048576K
GC Heap History (10 events):
Event: 299,331 GC heap after
Heap after GC invocations=19 (full 3):
 PSYoungGen      total 268288K, used 28340K [0x00000000e0000000, 0x00000000f3800000, 0x0000000100000000)
  eden space 227328K, 0% used [0x00000000e0000000,0x00000000e0000000,0x00000000ede00000)
  from space 40960K, 69% used [0x00000000f1000000,0x00000000f2bad210,0x00000000f3800000)
  to   space 46080K, 0% used [0x00000000ede00000,0x00000000ede00000,0x00000000f0b00000)
 ParOldGen       total 282624K, used 81409K [0x00000000a0000000, 0x00000000b1400000, 0x00000000e0000000)
  object space 282624K, 28% used [0x00000000a0000000,0x00000000a4f80660,0x00000000b1400000)
 Metaspace       used 90770K, capacity 95406K, committed 95616K, reserved 1132544K
  class space    used 11730K, capacity 12581K, committed 12672K, reserved 1048576K
}
Event: 1975,089 GC heap before
{Heap before GC invocations=20 (full 3):
 PSYoungGen      total 268288K, used 255668K [0x00000000e0000000, 0x00000000f3800000, 0x0000000100000000)
  eden space 227328K, 100% used [0x00000000e0000000,0x00000000ede00000,0x00000000ede00000)
  from space 40960K, 69% used [0x00000000f1000000,0x00000000f2bad210,0x00000000f3800000)
  to   space 46080K, 0% used [0x00000000ede00000,0x00000000ede00000,0x00000000f0b00000)
 ParOldGen       total 282624K, used 81409K [0x00000000a0000000, 0x00000000b1400000, 0x00000000e0000000)
  object space 282624K, 28% used [0x00000000a0000000,0x00000000a4f80660,0x00000000b1400000)
 Metaspace       used 92945K, capacity 98080K, committed 98176K, reserved 1134592K
  class space    used 11942K, capacity 12868K, committed 12928K, reserved 1048576K
Event: 1975,125 GC heap after
Heap after GC invocations=20 (full 3):
 PSYoungGen      total 253952K, used 31295K [0x00000000e0000000, 0x00000000f3500000, 0x0000000100000000)
  eden space 222208K, 0% used [0x00000000e0000000,0x00000000e0000000,0x00000000ed900000)
  from space 31744K, 98% used [0x00000000ede00000,0x00000000efc8ff78,0x00000000efd00000)
  to   space 47104K, 0% used [0x00000000f0700000,0x00000000f0700000,0x00000000f3500000)
 ParOldGen       total 282624K, used 81417K [0x00000000a0000000, 0x00000000b1400000, 0x00000000e0000000)
  object space 282624K, 28% used [0x00000000a0000000,0x00000000a4f82660,0x00000000b1400000)
 Metaspace       used 92945K, capacity 98080K, committed 98176K, reserved 1134592K
  class space    used 11942K, capacity 12868K, committed 12928K, reserved 1048576K
}
Event: 1976,093 GC heap before
{Heap before GC invocations=21 (full 3):
 PSYoungGen      total 253952K, used 253503K [0x00000000e0000000, 0x00000000f3500000, 0x0000000100000000)
  eden space 222208K, 100% used [0x00000000e0000000,0x00000000ed900000,0x00000000ed900000)
  from space 31744K, 98% used [0x00000000ede00000,0x00000000efc8ff78,0x00000000efd00000)
  to   space 47104K, 0% used [0x00000000f0700000,0x00000000f0700000,0x00000000f3500000)
 ParOldGen       total 282624K, used 81417K [0x00000000a0000000, 0x00000000b1400000, 0x00000000e0000000)
  object space 282624K, 28% used [0x00000000a0000000,0x00000000a4f82660,0x00000000b1400000)
 Metaspace       used 93162K, capacity 98336K, committed 98432K, reserved 1134592K
  class space    used 11943K, capacity 12868K, committed 12928K, reserved 1048576K
Event: 1976,132 GC heap after
Heap after GC invocations=21 (full 3):
 PSYoungGen      total 267264K, used 34959K [0x00000000e0000000, 0x00000000f4b00000, 0x0000000100000000)
  eden space 220160K, 0% used [0x00000000e0000000,0x00000000e0000000,0x00000000ed700000)
  from space 47104K, 74% used [0x00000000f0700000,0x00000000f2923d60,0x00000000f3500000)
  to   space 49152K, 0% used [0x00000000ed700000,0x00000000ed700000,0x00000000f0700000)
 ParOldGen       total 282624K, used 81425K [0x00000000a0000000, 0x00000000b1400000, 0x00000000e0000000)
  object space 282624K, 28% used [0x00000000a0000000,0x00000000a4f84660,0x00000000b1400000)
 Metaspace       used 93162K, capacity 98336K, committed 98432K, reserved 1134592K
  class space    used 11943K, capacity 12868K, committed 12928K, reserved 1048576K
}
Event: 1977,055 GC heap before
{Heap before GC invocations=22 (full 3):
 PSYoungGen      total 267264K, used 255119K [0x00000000e0000000, 0x00000000f4b00000, 0x0000000100000000)
  eden space 220160K, 100% used [0x00000000e0000000,0x00000000ed700000,0x00000000ed700000)
  from space 47104K, 74% used [0x00000000f0700000,0x00000000f2923d60,0x00000000f3500000)
  to   space 49152K, 0% used [0x00000000ed700000,0x00000000ed700000,0x00000000f0700000)
 ParOldGen       total 282624K, used 81425K [0x00000000a0000000, 0x00000000b1400000, 0x00000000e0000000)
  object space 282624K, 28% used [0x00000000a0000000,0x00000000a4f84660,0x00000000b1400000)
 Metaspace       used 93320K, capacity 98492K, committed 98560K, reserved 1134592K
  class space    used 11943K, capacity 12868K, committed 12928K, reserved 1048576K
Event: 1977,097 GC heap after
Heap after GC invocations=22 (full 3):
 PSYoungGen      total 269312K, used 31863K [0x00000000e0000000, 0x00000000f4e00000, 0x0000000100000000)
  eden space 220160K, 0% used [0x00000000e0000000,0x00000000e0000000,0x00000000ed700000)
  from space 49152K, 64% used [0x00000000ed700000,0x00000000ef61df78,0x00000000f0700000)
  to   space 49152K, 0% used [0x00000000f1e00000,0x00000000f1e00000,0x00000000f4e00000)
 ParOldGen       total 282624K, used 81433K [0x00000000a0000000, 0x00000000b1400000, 0x00000000e0000000)
  object space 282624K, 28% used [0x00000000a0000000,0x00000000a4f86660,0x00000000b1400000)
 Metaspace       used 93320K, capacity 98492K, committed 98560K, reserved 1134592K
  class space    used 11943K, capacity 12868K, committed 12928K, reserved 1048576K
}
Event: 1977,346 GC heap before
{Heap before GC invocations=23 (full 3):
 PSYoungGen      total 269312K, used 96985K [0x00000000e0000000, 0x00000000f4e00000, 0x0000000100000000)
  eden space 220160K, 29% used [0x00000000e0000000,0x00000000e3f98500,0x00000000ed700000)
  from space 49152K, 64% used [0x00000000ed700000,0x00000000ef61df78,0x00000000f0700000)
  to   space 49152K, 0% used [0x00000000f1e00000,0x00000000f1e00000,0x00000000f4e00000)
 ParOldGen       total 282624K, used 81433K [0x00000000a0000000, 0x00000000b1400000, 0x00000000e0000000)
  object space 282624K, 28% used [0x00000000a0000000,0x00000000a4f86660,0x00000000b1400000)
 Metaspace       used 93375K, capacity 98492K, committed 98560K, reserved 1134592K
  class space    used 11943K, capacity 12868K, committed 12928K, reserved 1048576K
Event: 1977,371 GC heap after
Heap after GC invocations=23 (full 3):
 PSYoungGen      total 290816K, used 36881K [0x00000000e0000000, 0x00000000f5c00000, 0x0000000100000000)
  eden space 241664K, 0% used [0x00000000e0000000,0x00000000e0000000,0x00000000eec00000)
  from space 49152K, 75% used [0x00000000f1e00000,0x00000000f4204688,0x00000000f4e00000)
  to   space 51200K, 0% used [0x00000000eec00000,0x00000000eec00000,0x00000000f1e00000)
 ParOldGen       total 282624K, used 81441K [0x00000000a0000000, 0x00000000b1400000, 0x00000000e0000000)
  object space 282624K, 28% used [0x00000000a0000000,0x00000000a4f88660,0x00000000b1400000)
 Metaspace       used 93375K, capacity 98492K, committed 98560K, reserved 1134592K
  class space    used 11943K, capacity 12868K, committed 12928K, reserved 1048576K
}
Event: 1977,371 GC heap before
{Heap before GC invocations=24 (full 4):
 PSYoungGen      total 290816K, used 36881K [0x00000000e0000000, 0x00000000f5c00000, 0x0000000100000000)
  eden space 241664K, 0% used [0x00000000e0000000,0x00000000e0000000,0x00000000eec00000)
  from space 49152K, 75% used [0x00000000f1e00000,0x00000000f4204688,0x00000000f4e00000)
  to   space 51200K, 0% used [0x00000000eec00000,0x00000000eec00000,0x00000000f1e00000)
 ParOldGen       total 282624K, used 81441K [0x00000000a0000000, 0x00000000b1400000, 0x00000000e0000000)
  object space 282624K, 28% used [0x00000000a0000000,0x00000000a4f88660,0x00000000b1400000)
 Metaspace       used 93375K, capacity 98492K, committed 98560K, reserved 1134592K
  class space    used 11943K, capacity 12868K, committed 12928K, reserved 1048576K

