# JRE version: OpenJDK Runtime Environment (8.0_152) (build 1.8.0_152-release-1343-b16-5323222)
# Java VM: OpenJDK 64-Bit Server VM (25.152-b16-5323222 mixed mode linux-amd64 compressed oops)
Heap:
 PSYoungGen      total 245760K, used 10235K [0x00000000e0000000, 0x00000000f0280000, 0x0000000100000000)
  eden space 235520K, 0% used [0x00000000e0000000,0x00000000e0000000,0x00000000ee600000)
  from space 10240K, 99% used [0x00000000ef800000,0x00000000f01fec18,0x00000000f0200000)
  to   space 512K, 0% used [0x00000000f0200000,0x00000000f0200000,0x00000000f0280000)
 ParOldGen       total 115200K, used 12723K [0x00000000a0000000, 0x00000000a7080000, 0x00000000e0000000)
  object space 115200K, 11% used [0x00000000a0000000,0x00000000a0c6cd08,0x00000000a7080000)
 Metaspace       used 34470K, capacity 35166K, committed 35416K, reserved 1079296K
  class space    used 4773K, capacity 4978K, committed 4992K, reserved 1048576K
GC Heap History (10 events):
Event: 0,714 GC heap after
Heap after GC invocations=2 (full 0):
 PSYoungGen      total 137216K, used 10229K [0x00000000e0000000, 0x00000000e9000000, 0x0000000100000000)
  eden space 126976K, 0% used [0x00000000e0000000,0x00000000e0000000,0x00000000e7c00000)
  from space 10240K, 99% used [0x00000000e8600000,0x00000000e8ffd408,0x00000000e9000000)
  to   space 10240K, 0% used [0x00000000e7c00000,0x00000000e7c00000,0x00000000e8600000)
 ParOldGen       total 167936K, used 24K [0x00000000a0000000, 0x00000000aa400000, 0x00000000e0000000)
  object space 167936K, 0% used [0x00000000a0000000,0x00000000a0006000,0x00000000aa400000)
 Metaspace       used 15322K, capacity 15678K, committed 16000K, reserved 1062912K
  class space    used 2192K, capacity 2321K, committed 2432K, reserved 1048576K
}
Event: 1,010 GC heap before
{Heap before GC invocations=3 (full 0):
 PSYoungGen      total 137216K, used 57438K [0x00000000e0000000, 0x00000000e9000000, 0x0000000100000000)
  eden space 126976K, 37% used [0x00000000e0000000,0x00000000e2e1a650,0x00000000e7c00000)
  from space 10240K, 99% used [0x00000000e8600000,0x00000000e8ffd408,0x00000000e9000000)
  to   space 10240K, 0% used [0x00000000e7c00000,0x00000000e7c00000,0x00000000e8600000)
 ParOldGen       total 167936K, used 24K [0x00000000a0000000, 0x00000000aa400000, 0x00000000e0000000)
  object space 167936K, 0% used [0x00000000a0000000,0x00000000a0006000,0x00000000aa400000)
 Metaspace       used 20705K, capacity 21028K, committed 21248K, reserved 1067008K
  class space    used 2879K, capacity 3032K, committed 3072K, reserved 1048576K
Event: 1,021 GC heap after
Heap after GC invocations=3 (full 0):
 PSYoungGen      total 137216K, used 10220K [0x00000000e0000000, 0x00000000f0c00000, 0x0000000100000000)
  eden space 126976K, 0% used [0x00000000e0000000,0x00000000e0000000,0x00000000e7c00000)
  from space 10240K, 99% used [0x00000000e7c00000,0x00000000e85fb308,0x00000000e8600000)
  to   space 10240K, 0% used [0x00000000f0200000,0x00000000f0200000,0x00000000f0c00000)
 ParOldGen       total 167936K, used 722K [0x00000000a0000000, 0x00000000aa400000, 0x00000000e0000000)
  object space 167936K, 0% used [0x00000000a0000000,0x00000000a00b4828,0x00000000aa400000)
 Metaspace       used 20705K, capacity 21028K, committed 21248K, reserved 1067008K
  class space    used 2879K, capacity 3032K, committed 3072K, reserved 1048576K
}
Event: 1,021 GC heap before
{Heap before GC invocations=4 (full 1):
 PSYoungGen      total 137216K, used 10220K [0x00000000e0000000, 0x00000000f0c00000, 0x0000000100000000)
  eden space 126976K, 0% used [0x00000000e0000000,0x00000000e0000000,0x00000000e7c00000)
  from space 10240K, 99% used [0x00000000e7c00000,0x00000000e85fb308,0x00000000e8600000)
  to   space 10240K, 0% used [0x00000000f0200000,0x00000000f0200000,0x00000000f0c00000)
 ParOldGen       total 167936K, used 722K [0x00000000a0000000, 0x00000000aa400000, 0x00000000e0000000)
  object space 167936K, 0% used [0x00000000a0000000,0x00000000a00b4828,0x00000000aa400000)
 Metaspace       used 20705K, capacity 21028K, committed 21248K, reserved 1067008K
  class space    used 2879K, capacity 3032K, committed 3072K, reserved 1048576K
Event: 1,061 GC heap after
Heap after GC invocations=4 (full 1):
 PSYoungGen      total 137216K, used 0K [0x00000000e0000000, 0x00000000f0c00000, 0x0000000100000000)
  eden space 126976K, 0% used [0x00000000e0000000,0x00000000e0000000,0x00000000e7c00000)
  from space 10240K, 0% used [0x00000000e7c00000,0x00000000e7c00000,0x00000000e8600000)
  to   space 10240K, 0% used [0x00000000f0200000,0x00000000f0200000,0x00000000f0c00000)
 ParOldGen       total 115200K, used 10604K [0x00000000a0000000, 0x00000000a7080000, 0x00000000e0000000)
  object space 115200K, 9% used [0x00000000a0000000,0x00000000a0a5b1a8,0x00000000a7080000)
 Metaspace       used 20705K, capacity 21028K, committed 21248K, reserved 1067008K
  class space    used 2879K, capacity 3032K, committed 3072K, reserved 1048576K
}
Event: 1,769 GC heap before
{Heap before GC invocations=5 (full 1):
 PSYoungGen      total 137216K, used 126976K [0x00000000e0000000, 0x00000000f0c00000, 0x0000000100000000)
  eden space 126976K, 100% used [0x00000000e0000000,0x00000000e7c00000,0x00000000e7c00000)
  from space 10240K, 0% used [0x00000000e7c00000,0x00000000e7c00000,0x00000000e8600000)
  to   space 10240K, 0% used [0x00000000f0200000,0x00000000f0200000,0x00000000f0c00000)
 ParOldGen       total 115200K, used 10604K [0x00000000a0000000, 0x00000000a7080000, 0x00000000e0000000)
  object space 115200K, 9% used [0x00000000a0000000,0x00000000a0a5b1a8,0x00000000a7080000)
 Metaspace       used 31074K, capacity 31424K, committed 31872K, reserved 1077248K
  class space    used 4286K, capacity 4436K, committed 4480K, reserved 1048576K
Event: 1,780 GC heap after
Heap after GC invocations=5 (full 1):
 PSYoungGen      total 181760K, used 10221K [0x00000000e0000000, 0x00000000f0c00000, 0x0000000100000000)
  eden space 171520K, 0% used [0x00000000e0000000,0x00000000e0000000,0x00000000ea780000)
  from space 10240K, 99% used [0x00000000f0200000,0x00000000f0bfb568,0x00000000f0c00000)
  to   space 10240K, 0% used [0x00000000ef800000,0x00000000ef800000,0x00000000f0200000)
 ParOldGen       total 115200K, used 12455K [0x00000000a0000000, 0x00000000a7080000, 0x00000000e0000000)
  object space 115200K, 10% used [0x00000000a0000000,0x00000000a0c29c50,0x00000000a7080000)
 Metaspace       used 31074K, capacity 31424K, committed 31872K, reserved 1077248K
  class space    used 4286K, capacity 4436K, committed 4480K, reserved 1048576K
}
Event: 2,119 GC heap before
{Heap before GC invocations=6 (full 1):
 PSYoungGen      total 181760K, used 68527K [0x00000000e0000000, 0x00000000f0c00000, 0x0000000100000000)
  eden space 171520K, 33% used [0x00000000e0000000,0x00000000e38f0970,0x00000000ea780000)
  from space 10240K, 99% used [0x00000000f0200000,0x00000000f0bfb568,0x00000000f0c00000)
  to   space 10240K, 0% used [0x00000000ef800000,0x00000000ef800000,0x00000000f0200000)
 ParOldGen       total 115200K, used 12455K [0x00000000a0000000, 0x00000000a7080000, 0x00000000e0000000)
  object space 115200K, 10% used [0x00000000a0000000,0x00000000a0c29c50,0x00000000a7080000)
 Metaspace       used 34470K, capacity 35166K, committed 35416K, reserved 1079296K
  class space    used 4773K, capacity 4978K, committed 4992K, reserved 1048576K
Event: 2,129 GC heap after
Heap after GC invocations=6 (full 1):
 PSYoungGen      total 245760K, used 10235K [0x00000000e0000000, 0x00000000f0280000, 0x0000000100000000)
  eden space 235520K, 0% used [0x00000000e0000000,0x00000000e0000000,0x00000000ee600000)
  from space 10240K, 99% used [0x00000000ef800000,0x00000000f01fec18,0x00000000f0200000)
  to   space 512K, 0% used [0x00000000f0200000,0x00000000f0200000,0x00000000f0280000)
 ParOldGen       total 115200K, used 12723K [0x00000000a0000000, 0x00000000a7080000, 0x00000000e0000000)
  object space 115200K, 11% used [0x00000000a0000000,0x00000000a0c6cd08,0x00000000a7080000)
 Metaspace       used 34470K, capacity 35166K, committed 35416K, reserved 1079296K
  class space    used 4773K, capacity 4978K, committed 4992K, reserved 1048576K
}
Event: 2,129 GC heap before
{Heap before GC invocations=7 (full 2):
 PSYoungGen      total 245760K, used 10235K [0x00000000e0000000, 0x00000000f0280000, 0x0000000100000000)
  eden space 235520K, 0% used [0x00000000e0000000,0x00000000e0000000,0x00000000ee600000)
  from space 10240K, 99% used [0x00000000ef800000,0x00000000f01fec18,0x00000000f0200000)
  to   space 512K, 0% used [0x00000000f0200000,0x00000000f0200000,0x00000000f0280000)
 ParOldGen       total 115200K, used 12723K [0x00000000a0000000, 0x00000000a7080000, 0x00000000e0000000)
  object space 115200K, 11% used [0x00000000a0000000,0x00000000a0c6cd08,0x00000000a7080000)
 Metaspace       used 34470K, capacity 35166K, committed 35416K, reserved 1079296K
  class space    used 4773K, capacity 4978K, committed 4992K, reserved 1048576K

