# JRE version: OpenJDK Runtime Environment (8.0_152) (build 1.8.0_152-release-1343-b16-5323222)
# Java VM: OpenJDK 64-Bit Server VM (25.152-b16-5323222 mixed mode linux-amd64 compressed oops)
Heap:
 PSYoungGen      total 350720K, used 112077K [0x00000000e0000000, 0x00000000f8d00000, 0x0000000100000000)
  eden space 332288K, 28% used [0x00000000e0000000,0x00000000e5bc4a10,0x00000000f4480000)
  from space 18432K, 98% used [0x00000000f7b00000,0x00000000f8caec80,0x00000000f8d00000)
  to   space 23552K, 0% used [0x00000000f5f00000,0x00000000f5f00000,0x00000000f7600000)
 ParOldGen       total 253440K, used 28899K [0x00000000a0000000, 0x00000000af780000, 0x00000000e0000000)
  object space 253440K, 11% used [0x00000000a0000000,0x00000000a1c38db0,0x00000000af780000)
 Metaspace       used 70780K, capacity 72876K, committed 73000K, reserved 1112064K
  class space    used 9470K, capacity 9945K, committed 10032K, reserved 1048576K
GC Heap History (10 events):
Event: 3,276 GC heap before
{Heap before GC invocations=7 (full 2):
 PSYoungGen      total 257024K, used 9347K [0x00000000e0000000, 0x00000000f0d80000, 0x0000000100000000)
  eden space 247296K, 0% used [0x00000000e0000000,0x00000000e0000000,0x00000000ef180000)
  from space 9728K, 96% used [0x00000000ef800000,0x00000000f0120f68,0x00000000f0180000)
  to   space 12288K, 0% used [0x00000000f0180000,0x00000000f0180000,0x00000000f0d80000)
 ParOldGen       total 112640K, used 13069K [0x00000000a0000000, 0x00000000a6e00000, 0x00000000e0000000)
  object space 112640K, 11% used [0x00000000a0000000,0x00000000a0cc3540,0x00000000a6e00000)
 Metaspace       used 34750K, capacity 35274K, committed 35496K, reserved 1079296K
  class space    used 4767K, capacity 4989K, committed 5040K, reserved 1048576K
Event: 3,309 GC heap after
Heap after GC invocations=7 (full 2):
 PSYoungGen      total 257024K, used 0K [0x00000000e0000000, 0x00000000f0d80000, 0x0000000100000000)
  eden space 247296K, 0% used [0x00000000e0000000,0x00000000e0000000,0x00000000ef180000)
  from space 9728K, 0% used [0x00000000ef800000,0x00000000ef800000,0x00000000f0180000)
  to   space 12288K, 0% used [0x00000000f0180000,0x00000000f0180000,0x00000000f0d80000)
 ParOldGen       total 179712K, used 17192K [0x00000000a0000000, 0x00000000aaf80000, 0x00000000e0000000)
  object space 179712K, 9% used [0x00000000a0000000,0x00000000a10ca290,0x00000000aaf80000)
 Metaspace       used 34750K, capacity 35274K, committed 35496K, reserved 1079296K
  class space    used 4767K, capacity 4989K, committed 5040K, reserved 1048576K
}
Event: 6,128 GC heap before
{Heap before GC invocations=8 (full 2):
 PSYoungGen      total 257024K, used 247296K [0x00000000e0000000, 0x00000000f0d80000, 0x0000000100000000)
  eden space 247296K, 100% used [0x00000000e0000000,0x00000000ef180000,0x00000000ef180000)
  from space 9728K, 0% used [0x00000000ef800000,0x00000000ef800000,0x00000000f0180000)
  to   space 12288K, 0% used [0x00000000f0180000,0x00000000f0180000,0x00000000f0d80000)
 ParOldGen       total 179712K, used 17192K [0x00000000a0000000, 0x00000000aaf80000, 0x00000000e0000000)
  object space 179712K, 9% used [0x00000000a0000000,0x00000000a10ca290,0x00000000aaf80000)
 Metaspace       used 56631K, capacity 58012K, committed 58152K, reserved 1099776K
  class space    used 7615K, capacity 7949K, committed 7984K, reserved 1048576K
Event: 6,144 GC heap after
Heap after GC invocations=8 (full 2):
 PSYoungGen      total 252416K, used 12270K [0x00000000e0000000, 0x00000000f7800000, 0x0000000100000000)
  eden space 240128K, 0% used [0x00000000e0000000,0x00000000e0000000,0x00000000eea80000)
  from space 12288K, 99% used [0x00000000f0180000,0x00000000f0d7b9e0,0x00000000f0d80000)
  to   space 23552K, 0% used [0x00000000eea80000,0x00000000eea80000,0x00000000f0180000)
 ParOldGen       total 179712K, used 32399K [0x00000000a0000000, 0x00000000aaf80000, 0x00000000e0000000)
  object space 179712K, 18% used [0x00000000a0000000,0x00000000a1fa3db0,0x00000000aaf80000)
 Metaspace       used 56631K, capacity 58012K, committed 58152K, reserved 1099776K
  class space    used 7615K, capacity 7949K, committed 7984K, reserved 1048576K
}
Event: 6,299 GC heap before
{Heap before GC invocations=9 (full 2):
 PSYoungGen      total 252416K, used 33199K [0x00000000e0000000, 0x00000000f7800000, 0x0000000100000000)
  eden space 240128K, 8% used [0x00000000e0000000,0x00000000e1470418,0x00000000eea80000)
  from space 12288K, 99% used [0x00000000f0180000,0x00000000f0d7b9e0,0x00000000f0d80000)
  to   space 23552K, 0% used [0x00000000eea80000,0x00000000eea80000,0x00000000f0180000)
 ParOldGen       total 179712K, used 32399K [0x00000000a0000000, 0x00000000aaf80000, 0x00000000e0000000)
  object space 179712K, 18% used [0x00000000a0000000,0x00000000a1fa3db0,0x00000000aaf80000)
 Metaspace       used 57798K, capacity 59100K, committed 59160K, reserved 1099776K
  class space    used 7755K, capacity 8077K, committed 8112K, reserved 1048576K
Event: 6,308 GC heap after
Heap after GC invocations=9 (full 2):
 PSYoungGen      total 263680K, used 14171K [0x00000000e0000000, 0x00000000f9100000, 0x0000000100000000)
  eden space 240128K, 0% used [0x00000000e0000000,0x00000000e0000000,0x00000000eea80000)
  from space 23552K, 60% used [0x00000000eea80000,0x00000000ef856ed0,0x00000000f0180000)
  to   space 22528K, 0% used [0x00000000f7b00000,0x00000000f7b00000,0x00000000f9100000)
 ParOldGen       total 179712K, used 32407K [0x00000000a0000000, 0x00000000aaf80000, 0x00000000e0000000)
  object space 179712K, 18% used [0x00000000a0000000,0x00000000a1fa5db0,0x00000000aaf80000)
 Metaspace       used 57798K, capacity 59100K, committed 59160K, reserved 1099776K
  class space    used 7755K, capacity 8077K, committed 8112K, reserved 1048576K
}
Event: 6,308 GC heap before
{Heap before GC invocations=10 (full 3):
 PSYoungGen      total 263680K, used 14171K [0x00000000e0000000, 0x00000000f9100000, 0x0000000100000000)
  eden space 240128K, 0% used [0x00000000e0000000,0x00000000e0000000,0x00000000eea80000)
  from space 23552K, 60% used [0x00000000eea80000,0x00000000ef856ed0,0x00000000f0180000)
  to   space 22528K, 0% used [0x00000000f7b00000,0x00000000f7b00000,0x00000000f9100000)
 ParOldGen       total 179712K, used 32407K [0x00000000a0000000, 0x00000000aaf80000, 0x00000000e0000000)
  object space 179712K, 18% used [0x00000000a0000000,0x00000000a1fa5db0,0x00000000aaf80000)
 Metaspace       used 57798K, capacity 59100K, committed 59160K, reserved 1099776K
  class space    used 7755K, capacity 8077K, committed 8112K, reserved 1048576K
Event: 6,445 GC heap after
Heap after GC invocations=10 (full 3):
 PSYoungGen      total 263680K, used 0K [0x00000000e0000000, 0x00000000f9100000, 0x0000000100000000)
  eden space 240128K, 0% used [0x00000000e0000000,0x00000000e0000000,0x00000000eea80000)
  from space 23552K, 0% used [0x00000000eea80000,0x00000000eea80000,0x00000000f0180000)
  to   space 22528K, 0% used [0x00000000f7b00000,0x00000000f7b00000,0x00000000f9100000)
 ParOldGen       total 253440K, used 28891K [0x00000000a0000000, 0x00000000af780000, 0x00000000e0000000)
  object space 253440K, 11% used [0x00000000a0000000,0x00000000a1c36db0,0x00000000af780000)
 Metaspace       used 57773K, capacity 59016K, committed 59160K, reserved 1099776K
  class space    used 7747K, capacity 8063K, committed 8112K, reserved 1048576K
}
Event: 11,307 GC heap before
{Heap before GC invocations=11 (full 3):
 PSYoungGen      total 263680K, used 240128K [0x00000000e0000000, 0x00000000f9100000, 0x0000000100000000)
  eden space 240128K, 100% used [0x00000000e0000000,0x00000000eea80000,0x00000000eea80000)
  from space 23552K, 0% used [0x00000000eea80000,0x00000000eea80000,0x00000000f0180000)
  to   space 22528K, 0% used [0x00000000f7b00000,0x00000000f7b00000,0x00000000f9100000)
 ParOldGen       total 253440K, used 28891K [0x00000000a0000000, 0x00000000af780000, 0x00000000e0000000)
  object space 253440K, 11% used [0x00000000a0000000,0x00000000a1c36db0,0x00000000af780000)
 Metaspace       used 66306K, capacity 68234K, committed 68520K, reserved 1107968K
  class space    used 8917K, capacity 9336K, committed 9392K, reserved 1048576K
Event: 11,327 GC heap after
Heap after GC invocations=11 (full 3):
 PSYoungGen      total 350720K, used 18107K [0x00000000e0000000, 0x00000000f8d00000, 0x0000000100000000)
  eden space 332288K, 0% used [0x00000000e0000000,0x00000000e0000000,0x00000000f4480000)
  from space 18432K, 98% used [0x00000000f7b00000,0x00000000f8caec80,0x00000000f8d00000)
  to   space 23552K, 0% used [0x00000000f5f00000,0x00000000f5f00000,0x00000000f7600000)
 ParOldGen       total 253440K, used 28899K [0x00000000a0000000, 0x00000000af780000, 0x00000000e0000000)
  object space 253440K, 11% used [0x00000000a0000000,0x00000000a1c38db0,0x00000000af780000)
 Metaspace       used 66306K, capacity 68234K, committed 68520K, reserved 1107968K
  class space    used 8917K, capacity 9336K, committed 9392K, reserved 1048576K
}

