# JRE version: OpenJDK Runtime Environment (8.0_152) (build 1.8.0_152-release-1343-b16-5323222)
# Java VM: OpenJDK 64-Bit Server VM (25.152-b16-5323222 mixed mode linux-amd64 compressed oops)
Heap:
 PSYoungGen      total 133632K, used 122368K [0x00000000e0000000, 0x00000000ebc80000, 0x0000000100000000)
  eden space 122368K, 100% used [0x00000000e0000000,0x00000000e7780000,0x00000000e7780000)
  from space 11264K, 0% used [0x00000000e8380000,0x00000000e8380000,0x00000000e8e80000)
  to   space 12288K, 62% used [0x00000000e7780000,0x00000000e7f0b300,0x00000000e8380000)
 ParOldGen       total 192512K, used 15825K [0x00000000a0000000, 0x00000000abc00000, 0x00000000e0000000)
  object space 192512K, 8% used [0x00000000a0000000,0x00000000a0f747e0,0x00000000abc00000)
 Metaspace       used 45324K, capacity 46186K, committed 46552K, reserved 1089536K
  class space    used 6122K, capacity 6392K, committed 6400K, reserved 1048576K
GC Heap History (10 events):
Event: 1,154 GC heap after
Heap after GC invocations=4 (full 1):
 PSYoungGen      total 73728K, used 0K [0x00000000e0000000, 0x00000000e9000000, 0x0000000100000000)
  eden space 63488K, 0% used [0x00000000e0000000,0x00000000e0000000,0x00000000e3e00000)
  from space 10240K, 0% used [0x00000000e3e00000,0x00000000e3e00000,0x00000000e4800000)
  to   space 10240K, 0% used [0x00000000e8600000,0x00000000e8600000,0x00000000e9000000)
 ParOldGen       total 115200K, used 10664K [0x00000000a0000000, 0x00000000a7080000, 0x00000000e0000000)
  object space 115200K, 9% used [0x00000000a0000000,0x00000000a0a6a350,0x00000000a7080000)
 Metaspace       used 20705K, capacity 21028K, committed 21248K, reserved 1067008K
  class space    used 2880K, capacity 3032K, committed 3072K, reserved 1048576K
}
Event: 1,566 GC heap before
{Heap before GC invocations=5 (full 1):
 PSYoungGen      total 73728K, used 63488K [0x00000000e0000000, 0x00000000e9000000, 0x0000000100000000)
  eden space 63488K, 100% used [0x00000000e0000000,0x00000000e3e00000,0x00000000e3e00000)
  from space 10240K, 0% used [0x00000000e3e00000,0x00000000e3e00000,0x00000000e4800000)
  to   space 10240K, 0% used [0x00000000e8600000,0x00000000e8600000,0x00000000e9000000)
 ParOldGen       total 115200K, used 10664K [0x00000000a0000000, 0x00000000a7080000, 0x00000000e0000000)
  object space 115200K, 9% used [0x00000000a0000000,0x00000000a0a6a350,0x00000000a7080000)
 Metaspace       used 28043K, capacity 28462K, committed 28800K, reserved 1075200K
  class space    used 3772K, capacity 3920K, committed 3968K, reserved 1048576K
Event: 1,572 GC heap after
Heap after GC invocations=5 (full 1):
 PSYoungGen      total 94720K, used 7248K [0x00000000e0000000, 0x00000000e8d80000, 0x0000000100000000)
  eden space 87040K, 0% used [0x00000000e0000000,0x00000000e0000000,0x00000000e5500000)
  from space 7680K, 94% used [0x00000000e8600000,0x00000000e8d14380,0x00000000e8d80000)
  to   space 10240K, 0% used [0x00000000e7980000,0x00000000e7980000,0x00000000e8380000)
 ParOldGen       total 115200K, used 10672K [0x00000000a0000000, 0x00000000a7080000, 0x00000000e0000000)
  object space 115200K, 9% used [0x00000000a0000000,0x00000000a0a6c350,0x00000000a7080000)
 Metaspace       used 28043K, capacity 28462K, committed 28800K, reserved 1075200K
  class space    used 3772K, capacity 3920K, committed 3968K, reserved 1048576K
}
Event: 1,948 GC heap before
{Heap before GC invocations=6 (full 1):
 PSYoungGen      total 94720K, used 94288K [0x00000000e0000000, 0x00000000e8d80000, 0x0000000100000000)
  eden space 87040K, 100% used [0x00000000e0000000,0x00000000e5500000,0x00000000e5500000)
  from space 7680K, 94% used [0x00000000e8600000,0x00000000e8d14380,0x00000000e8d80000)
  to   space 10240K, 0% used [0x00000000e7980000,0x00000000e7980000,0x00000000e8380000)
 ParOldGen       total 115200K, used 10672K [0x00000000a0000000, 0x00000000a7080000, 0x00000000e0000000)
  object space 115200K, 9% used [0x00000000a0000000,0x00000000a0a6c350,0x00000000a7080000)
 Metaspace       used 32564K, capacity 33034K, committed 33408K, reserved 1077248K
  class space    used 4495K, capacity 4683K, committed 4736K, reserved 1048576K
Event: 1,957 GC heap after
Heap after GC invocations=6 (full 1):
 PSYoungGen      total 130560K, used 9774K [0x00000000e0000000, 0x00000000e8e80000, 0x0000000100000000)
  eden space 120320K, 0% used [0x00000000e0000000,0x00000000e0000000,0x00000000e7580000)
  from space 10240K, 95% used [0x00000000e7980000,0x00000000e830bbd0,0x00000000e8380000)
  to   space 11264K, 0% used [0x00000000e8380000,0x00000000e8380000,0x00000000e8e80000)
 ParOldGen       total 115200K, used 10680K [0x00000000a0000000, 0x00000000a7080000, 0x00000000e0000000)
  object space 115200K, 9% used [0x00000000a0000000,0x00000000a0a6e350,0x00000000a7080000)
 Metaspace       used 32564K, capacity 33034K, committed 33408K, reserved 1077248K
  class space    used 4495K, capacity 4683K, committed 4736K, reserved 1048576K
}
Event: 2,198 GC heap before
{Heap before GC invocations=7 (full 1):
 PSYoungGen      total 130560K, used 43442K [0x00000000e0000000, 0x00000000e8e80000, 0x0000000100000000)
  eden space 120320K, 27% used [0x00000000e0000000,0x00000000e20e0c90,0x00000000e7580000)
  from space 10240K, 95% used [0x00000000e7980000,0x00000000e830bbd0,0x00000000e8380000)
  to   space 11264K, 0% used [0x00000000e8380000,0x00000000e8380000,0x00000000e8e80000)
 ParOldGen       total 115200K, used 10680K [0x00000000a0000000, 0x00000000a7080000, 0x00000000e0000000)
  object space 115200K, 9% used [0x00000000a0000000,0x00000000a0a6e350,0x00000000a7080000)
 Metaspace       used 34468K, capacity 35154K, committed 35416K, reserved 1079296K
  class space    used 4766K, capacity 4976K, committed 4992K, reserved 1048576K
Event: 2,204 GC heap after
Heap after GC invocations=7 (full 1):
 PSYoungGen      total 133632K, used 9222K [0x00000000e0000000, 0x00000000ebc80000, 0x0000000100000000)
  eden space 122368K, 0% used [0x00000000e0000000,0x00000000e0000000,0x00000000e7780000)
  from space 11264K, 81% used [0x00000000e8380000,0x00000000e8c81ac8,0x00000000e8e80000)
  to   space 12288K, 0% used [0x00000000e7780000,0x00000000e7780000,0x00000000e8380000)
 ParOldGen       total 115200K, used 10688K [0x00000000a0000000, 0x00000000a7080000, 0x00000000e0000000)
  object space 115200K, 9% used [0x00000000a0000000,0x00000000a0a70350,0x00000000a7080000)
 Metaspace       used 34468K, capacity 35154K, committed 35416K, reserved 1079296K
  class space    used 4766K, capacity 4976K, committed 4992K, reserved 1048576K
}
Event: 2,204 GC heap before
{Heap before GC invocations=8 (full 2):
 PSYoungGen      total 133632K, used 9222K [0x00000000e0000000, 0x00000000ebc80000, 0x0000000100000000)
  eden space 122368K, 0% used [0x00000000e0000000,0x00000000e0000000,0x00000000e7780000)
  from space 11264K, 81% used [0x00000000e8380000,0x00000000e8c81ac8,0x00000000e8e80000)
  to   space 12288K, 0% used [0x00000000e7780000,0x00000000e7780000,0x00000000e8380000)
 ParOldGen       total 115200K, used 10688K [0x00000000a0000000, 0x00000000a7080000, 0x00000000e0000000)
  object space 115200K, 9% used [0x00000000a0000000,0x00000000a0a70350,0x00000000a7080000)
 Metaspace       used 34468K, capacity 35154K, committed 35416K, reserved 1079296K
  class space    used 4766K, capacity 4976K, committed 4992K, reserved 1048576K
Event: 2,271 GC heap after
Heap after GC invocations=8 (full 2):
 PSYoungGen      total 133632K, used 0K [0x00000000e0000000, 0x00000000ebc80000, 0x0000000100000000)
  eden space 122368K, 0% used [0x00000000e0000000,0x00000000e0000000,0x00000000e7780000)
  from space 11264K, 0% used [0x00000000e8380000,0x00000000e8380000,0x00000000e8e80000)
  to   space 12288K, 0% used [0x00000000e7780000,0x00000000e7780000,0x00000000e8380000)
 ParOldGen       total 192512K, used 15817K [0x00000000a0000000, 0x00000000abc00000, 0x00000000e0000000)
  object space 192512K, 8% used [0x00000000a0000000,0x00000000a0f727e0,0x00000000abc00000)
 Metaspace       used 34462K, capacity 35136K, committed 35416K, reserved 1079296K
  class space    used 4764K, capacity 4973K, committed 4992K, reserved 1048576K
}
Event: 2,946 GC heap before
{Heap before GC invocations=9 (full 2):
 PSYoungGen      total 133632K, used 122368K [0x00000000e0000000, 0x00000000ebc80000, 0x0000000100000000)
  eden space 122368K, 100% used [0x00000000e0000000,0x00000000e7780000,0x00000000e7780000)
  from space 11264K, 0% used [0x00000000e8380000,0x00000000e8380000,0x00000000e8e80000)
  to   space 12288K, 0% used [0x00000000e7780000,0x00000000e7780000,0x00000000e8380000)
 ParOldGen       total 192512K, used 15817K [0x00000000a0000000, 0x00000000abc00000, 0x00000000e0000000)
  object space 192512K, 8% used [0x00000000a0000000,0x00000000a0f727e0,0x00000000abc00000)
 Metaspace       used 45324K, capacity 46186K, committed 46552K, reserved 1089536K
  class space    used 6122K, capacity 6392K, committed 6400K, reserved 1048576K

